<h2 id="env">ENV</h2>

<table>
  <thead>
    <tr>
      <th><strong>Type</strong></th>
      <th><strong>Version</strong></th>
      <th><strong>Desc</strong></th>
    </tr>
  </thead>
  <tbody>
    <tr>
      <td><strong>OS</strong></td>
      <td>Ubuntu 16.04</td>
      <td>Need lib higher  libc lib/python/apache, out storage ISO not match</td>
    </tr>
    <tr>
      <td><strong>Jenkins</strong></td>
      <td>2.32.3</td>
      <td>Jenkins</td>
    </tr>
    <tr>
      <td><strong>RF</strong></td>
      <td>3.0.2 (Python  2.7.12 on linux2)</td>
      <td>Robot framework,  used for running RF testcases</td>
    </tr>
  </tbody>
</table>

<h2 id="install-jenkins">Install Jenkins</h2>

<h3 id="install-jenkins-1">install Jenkins</h3>

<div class="highlighter-rouge"><div class="highlight"><pre class="highlight"><code>jenkins@jenkins:~$ wget -q -O - https://jenkins-ci.org/debian/jenkins-ci.org.key | sudo apt-key add -
OK
jenkins@jenkins:~$ sudo sh -c 'echo deb http://pkg.jenkins-ci.org/debian-stable binary/ &gt; /etc/apt/sources.list.d/jenkins.list'
jenkins@jenkins:~$
sudo apt-get update 
sudo apt-get install jenkins 
</code></pre></div></div>

<h3 id="check-jenkins-service-status">Check Jenkins service status</h3>

<div class="highlighter-rouge"><div class="highlight"><pre class="highlight"><code>jenkins@jenkins:~$ sudo service jenkins status

● jenkins.service - LSB: Start Jenkins at boot time
  Loaded: loaded (/etc/init.d/jenkins; bad; vendor preset: enabled)
  Active: active (exited) since 五 2017-03-03 18:03:06 CST; 46s ago
   Docs: man:systemd-sysv-generator(8)

3月 03 18:03:05 jenkins systemd[1]: Starting LSB: Start Jenkins at boot time...
3月 03 18:03:05 jenkins jenkins[5041]: * Starting Jenkins Continuous Integration Server jenkins
3月 03 18:03:05 jenkins su[5059]: Successful su for jenkins by root
3月 03 18:03:05 jenkins su[5059]: + ??? root:jenkins
3月 03 18:03:05 jenkins su[5059]: pam_unix(su:session): session opened for user jenkins by (uid=0)
3月 03 18:03:06 jenkins jenkins[5041]:  ...done.
3月 03 18:03:06 jenkins systemd[1]: Started LSB: Start Jenkins at boot time.
</code></pre></div></div>

<h3 id="jenkins-path">jenkins path</h3>

<div class="highlighter-rouge"><div class="highlight"><pre class="highlight"><code>Access path：http://localhost:8080 
Installed path：/var/lib/jenkins 
Log path：/var/log/jenkins
Create a project directory in Jenkins installation directory of the jobs.
</code></pre></div></div>

<h3 id="first-login-jenkins-ui">First login Jenkins UI</h3>

<h6 id="getting-started">Getting Started</h6>

<p><img class="shadow" src="/img/in-post/rf/clip_image002.jpg" width="1200" /></p>

<h6 id="after-input-administrator-password">after input Administrator password</h6>

<p><img class="shadow" src="/img/in-post/rf/clip_image004.jpg" width="1200" /></p>

<h6 id="select-install-suggested-plugins">Select “Install suggested plugins”</h6>

<p><img class="shadow" src="/img/in-post/rf/clip_image006.jpg" width="1200" /></p>

<h6 id="create-first-admin-user">Create First Admin User</h6>

<p><img class="shadow" src="/img/in-post/rf/clip_image008.jpg" width="1200" /></p>

<p><img class="shadow" src="/img/in-post/rf/clip_image010.jpg" width="1200" /></p>

<h6 id="save-and-finish">Save and Finish</h6>

<p><img class="shadow" src="/img/in-post/rf/clip_image012.jpg" width="1200" /></p>

<p>Login Jenkins UI</p>

<p><img class="shadow" src="/img/in-post/rf/clip_image014.jpg" width="1200" /></p>

<p><img class="shadow" src="/img/in-post/rf/clip_image016.jpg" width="1200" /></p>

<h2 id="install-rf-and-third-library">install RF and Third library</h2>

<h3 id="install-robotframework">Install Robotframework</h3>

<h5 id="install-rf">install RF</h5>

<div class="highlighter-rouge"><div class="highlight"><pre class="highlight"><code>sudo apt-get install python-pip
sudo pip install --upgrade pip
sudo pip install robotframework
</code></pre></div></div>

<h5 id="install-rf-library">install RF library</h5>

<div class="highlighter-rouge"><div class="highlight"><pre class="highlight"><code>sudo apt-get install python-wxgtk*
sudo pip install robotframework-ride
sudo pip install --upgrade robotframework-httplibrary
sudo apt-get install build-essential libssl-dev libffi-dev python-dev
#此步骤如果不执行，会出现安装cryptography失败，具体错误参考“setup cryptography failed”章节的内容。
sudo pip install --upgrade robotframework-SSHLibrary
</code></pre></div></div>

<h5 id="other-package">other package</h5>

<div class="highlighter-rouge"><div class="highlight"><pre class="highlight"><code>sudo apt-get install sshpass
sudo apt-get install open-iscsi
sudo apt-get install fio
</code></pre></div></div>

<h5 id="problems-encountered">Problems encountered</h5>

<h6 id="setup-cryptography-failed">setup cryptography failed</h6>

<div class="highlighter-rouge"><div class="highlight"><pre class="highlight"><code>  writing top-level names to src/cryptography.egg-info/top_level.txt
  writing dependency_links to src/cryptography.egg-info/dependency_links.txt
  writing entry points to src/cryptography.egg-info/entry_points.txt
  reading manifest file 'src/cryptography.egg-info/SOURCES.txt'
  reading manifest template 'MANIFEST.in'
  no previously-included directories found matching 'docs/_build'
  warning: no previously-included files matching '*' found under directory 'vectors'
  writing manifest file 'src/cryptography.egg-info/SOURCES.txt'
  running build_ext
  generating cffi module 'build/temp.linux-x86_64-2.7/_padding.c'
  creating build/temp.linux-x86_64-2.7
  generating cffi module 'build/temp.linux-x86_64-2.7/_constant_time.c'
  generating cffi module 'build/temp.linux-x86_64-2.7/_openssl.c'
  building '_openssl' extension
  creating build/temp.linux-x86_64-2.7/build
  creating build/temp.linux-x86_64-2.7/build/temp.linux-x86_64-2.7
  x86_64-linux-gnu-gcc -pthread -DNDEBUG -g -fwrapv -O2 -Wall -Wstrict-prototypes -fno-strict-aliasing -Wdate-time -D_FORTIFY_SOURCE=2 -g -fstack-protector-strong -Wformat -Werror=format-security -fPIC -I/usr/include/python2.7 -c build/temp.linux-x86_64-2.7/_openssl.c -o build/temp.linux-x86_64-2.7/build/temp.linux-x86_64-2.7/_openssl.o
  build/temp.linux-x86_64-2.7/_openssl.c:434:30: fatal error: openssl/opensslv.h: No such file or directory
  compilation terminated.
  **error: command 'x86_64-linux-gnu-gcc' failed with exit status 1**
  

 ----------------------------------------
Command "/usr/bin/python -u -c "import setuptools, tokenize;__file__='/tmp/pip-build-CbMI0T/cryptography/setup.py';f=getattr(tokenize, 'open', open)(__file__);code=f.read().replace('\r\n', '\n');f.close();exec(compile(code, __file__, 'exec'))" install --record /tmp/pip-T5kRVj-record/install-record.txt --single-version-externally-managed --compile" failed with error code 1 in /tmp/pip-build-CbMI0T/cryptography/

Reference resources：
  https://cryptography.io/en/latest/installation/#building-cryptography-on-linux

</code></pre></div></div>

<h3 id="modify-httplibrary-code">Modify HttpLibrary code</h3>

<h5 id="linux">Linux</h5>

<div class="highlighter-rouge"><div class="highlight"><pre class="highlight"><code>vi /usr/local/lib/python2.7/dist-packages/HttpLibrary/__init__.py

Increase the following records, global cancelled certificate verification：

import ssl

ssl._create_default_https_context = ssl._create_unverified_context
</code></pre></div></div>

<h5 id="windows">Windows</h5>

<div class="highlighter-rouge"><div class="highlight"><pre class="highlight"><code>  Modify file of C:\Python27\Lib\site-packages\HttpLibrary\__init__.py, increase the following records, global cancelled certificate verification：

import ssl

ssl._create_default_https_context = ssl._create_unverified_context
</code></pre></div></div>

<h2 id="running-rf-test-cases">Running RF test cases</h2>

<h3 id="case-execution-condition">Case execution condition</h3>

<div class="highlighter-rouge"><div class="highlight"><pre class="highlight"><code>
1. 3 nodes cluster, each node of disk space is greater than 8G

2. Each node disk/vdisk numbers shall not be less than 4 (&gt; = 4)
</code></pre></div></div>

<p>instructions:</p>

<div class="highlighter-rouge"><div class="highlight"><pre class="highlight"><code> This part of the inspection is in test case of rf-automation\testcase\01_Create_Cluster\Prepare Cluster.robot\01_ENV_Check
</code></pre></div></div>

<h3 id="problems-encountered-1">Problems encountered</h3>

<h6 id="1-ssl-certificate-verify-failed">1. SSL certificate verify failed</h6>

<p>When running RF test case, occur SSLcertificate verify failed issue:</p>

<p><img class="shadow" src="/img/in-post/rf/clip_image018.jpg" width="1200" /></p>

<p>The solution：</p>

<p>Refer to the “Modify HttpLibrary code” section. Here only capture the record, if don’t modify this problem will appear.</p>

<h6 id="2-wait-until-keyword-succeeds-occur-cannotsendrequest">2. Wait Until Keyword Succeeds occur CannotSendRequest</h6>

<p><img class="shadow" src="/img/in-post/rf/clip_image020.jpg" width="1200" /></p>

<div class="highlighter-rouge"><div class="highlight"><pre class="highlight"><code>20160516 13:55:43.636 : INFO : ${osd_state} = OFFLINE

20160516 13:55:43.637 : INFO : 

Argument types are:

&lt;type 'str'&gt;

&lt;type 'unicode'&gt;

20160516 13:55:43.637 : FAIL : OFFLINE != ONLINE

20160516 13:55:48.649 : FAIL : BadStatusLine: ''

20160516 13:55:53.656 : FAIL : CannotSendRequest

20160516 13:55:58.674 : FAIL : CannotSendRequest

20160516 13:56:03.679 : FAIL : CannotSendRequest

20160516 13:56:08.685 : FAIL : CannotSendRequest

20160516 13:56:13.695 : FAIL : CannotSendRequest

20160516 13:56:18.704 : FAIL : CannotSendRequest

20160516 13:56:23.718 : FAIL : CannotSendRequest

20160516 13:56:28.726 : FAIL : CannotSendRequest

20160516 13:56:33.742 : FAIL : CannotSendRequest

20160516 13:56:38.762 : FAIL : CannotSendRequest

20160516 13:56:43.780 : FAIL : CannotSendRequest

20160516 13:56:48.799 : FAIL : CannotSendRequest

20160516 13:56:53.817 : FAIL : CannotSendRequest

20160516 13:56:58.836 : FAIL : CannotSendRequest

20160516 13:57:03.852 : FAIL : CannotSendRequest

20160516 13:57:08.867 : FAIL : CannotSendRequest

20160516 13:57:13.881 : FAIL : CannotSendRequest

20160516 13:57:18.890 : FAIL : CannotSendRequest

20160516 13:57:23.898 : FAIL : CannotSendRequest

20160516 13:57:28.912 : FAIL : CannotSendRequest

20160516 13:57:33.921 : FAIL : CannotSendRequest

20160516 13:57:38.936 : FAIL : CannotSendRequest

20160516 13:57:43.952 : FAIL : CannotSendRequest

20160516 13:57:43.958 : FAIL : Keyword 'Get OSD State' failed after retrying for 2 minutes. The last error was: CannotSendRequest

Ending test:  interfaceAuto.Testcase.02 Host Configuration.Add storage volume.Single partition
</code></pre></div></div>

<p>The solution：</p>

<div class="highlighter-rouge"><div class="highlight"><pre class="highlight"><code>root@host1:/# vi /etc/apache2/apache2.conf

modify 

   KeepAliveTimeout 5 

to 

   KeepAliveTimeout 100

Units are seconds, then restart apache2 service。
</code></pre></div></div>

<p>instructions：</p>

<p>This is united into the robot file of rf-automation\testcase\01_Create_Cluster\Prepare Cluster.robot. If still appear, please check whether the apache conf was successfully modified, or to check the test case in file of Prepare Cluster.robot execute success or not.</p>

<h6 id="3--forbidden-root-login">3.  Forbidden root login</h6>

<p>The RF test case exceutor is Jenkins, sometimes need root user to perform or switch to root user(e.g: ssh 127.0.0.1), because of user of root was banned to login, so some test case will fail.</p>

<p>The solution：</p>

<p>Allow root login：</p>

<div class="highlighter-rouge"><div class="highlight"><pre class="highlight"><code>1. modify /etc/ssh/sshd_config

vi /etc/ssh/sshd_config

 

2、allow root login

search “#PermitRootLogin no”， 

delete "#", and set "No" to "Yes", then save the file. Like this:

# PermitRootLogin prohibit-password

PermitRootLogin yes

 

At last, restart ssh service.
</code></pre></div></div>

<h6 id="4--client-mount-nfs-return-32">4.  Client mount nfs return 32</h6>

<p>The bellow is test case of “Create NFS share folder”:</p>

<p><img class="shadow" src="/img/in-post/rf/clip_image022.jpg" width="1200" /></p>

<p>when client mount nfs, the output is:</p>

<div class="highlighter-rouge"><div class="highlight"><pre class="highlight"><code>Failed to restart nfs-kernel-server.service: Unit nfs-kernel-server.service not found.

root@jenkins:~# mount -t nfs 10.10.0.127:/vol/nas01 /mnt/nfs

mount: wrong fs type, bad option, bad superblock on 10.10.0.127:/vol/nas01,

​    missing codepage or helper program, or other error

​    (for several filesystems (e.g. nfs, cifs) you might

​    need a /sbin/mount.&lt;type&gt; helper program)

 

​    In some cases useful info is found in syslog - try

​    dmesg | tail or so.
</code></pre></div></div>

<p>The solution：</p>

<div class="highlighter-rouge"><div class="highlight"><pre class="highlight"><code>Install nfs-common and cifs-utils
apt-get install nfs-common
apt-get install cifs-utils
</code></pre></div></div>

<p>Then, file of mount.nfs and mount.cifs created in dir of /sbin.</p>

<h2 id="create-jenkins-porject">Create Jenkins Porject</h2>

<h3 id="enter-an-item-name">Enter an item name</h3>

<p><img class="shadow" src="/img/in-post/rf/clip_image024.jpg" width="1200" /></p>

<p>Click “OK”</p>

<h3 id="source-code-management">Source Code Management</h3>

<p><img class="shadow" src="/img/in-post/rf/clip_image026.jpg" width="1200" /></p>

<h3 id="build-triggers">Build Triggers</h3>

<p><img class="shadow" src="/img/in-post/rf/clip_image028.jpg" width="1200" /></p>

<h3 id="build-environment">Build Environment</h3>

<p><img class="shadow" src="/img/in-post/rf/clip_image030.jpg" width="1200" /></p>

<h3 id="build">Build</h3>

<p><img class="shadow" src="/img/in-post/rf/clip_image032.jpg" width="1200" /></p>

<p>set properties file path to get ISO_NAME and RF running times. Before setting, should install this plug, search keyword is “inject”.</p>

<p><img class="shadow" src="/img/in-post/rf/clip_image034.jpg" width="1200" /></p>

<h3 id="post-build-actions">Post-build Actions</h3>

<h6 id="install-robot-framework-plug">Install robot framework plug</h6>

<p>install robot framework plug to get total test cases/success test cases/failed test cases/ignore test cases and so on.</p>

<p><img class="shadow" src="/img/in-post/rf/clip_image036.jpg" width="1200" /></p>

<h6 id="editable-email-notification">Editable Email Notification</h6>

<p>Input follow content in “Default Content”:</p>

<div class="highlighter-rouge"><div class="highlight"><pre class="highlight"><code><span class="nt">&lt;html&gt;</span>
  <span class="nt">&lt;head&gt;</span>
​    <span class="nt">&lt;title&gt;&lt;/title&gt;</span>
  <span class="nt">&lt;/head&gt;</span>
  <span class="nt">&lt;body&gt;</span>
​    Hi All, <span class="nt">&lt;br&gt;</span>
​      This is the SEG Robot Framework Interface Automation Test Results. <span class="nt">&lt;br&gt;</span>
​    <span class="nt">&lt;font</span> <span class="na">color=</span><span class="s">"#0B610B"</span> <span class="na">size=</span><span class="s">"3"</span><span class="nt">&gt;</span> Please click on the red link, check the console output, and check the continuous integration build results:<span class="nt">&lt;/font&gt;</span> <span class="nt">&lt;a</span> <span class="na">href=</span><span class="s">"${BUILD_URL}console"</span><span class="nt">&gt;&lt;b&gt;&lt;font</span> <span class="na">color=</span><span class="s">"#DF0101"</span> <span class="na">size=</span><span class="s">"3"</span><span class="nt">&gt;</span> ${ENV, var="JOB_NAME"}<span class="nt">&lt;/font&gt;&lt;/b&gt;&lt;/a&gt;</span>
        <span class="nt">&lt;table</span> <span class="na">width=</span><span class="s">"95%"</span> <span class="na">cellpadding=</span><span class="s">"0"</span> <span class="na">cellspacing=</span><span class="s">"0"</span> <span class="na">style=</span><span class="s">"font-size:11pt; font-family:Tahoma, Arial, Helvetica, sans-serif"</span><span class="nt">&gt;</span>
​      <span class="nt">&lt;tr&gt;</span>
​        <span class="nt">&lt;td&gt;</span>
​          <span class="nt">&lt;h2&gt;</span>
​            <span class="nt">&lt;font</span> <span class="na">color=</span><span class="s">"#0000FF"</span> <span class="na">size=</span><span class="s">"4"</span><span class="nt">&gt;</span>Result: Passing rate - ${TEST_COUNTS,var="PASS"}<span class="ni">&amp;#47;</span>${TEST_COUNTS}<span class="nt">&lt;/font&gt;</span>
​          <span class="nt">&lt;/h2&gt;</span>
​        <span class="nt">&lt;/td&gt;</span>
​      <span class="nt">&lt;/tr&gt;</span>
​      <span class="nt">&lt;tr&gt;</span>
​        <span class="nt">&lt;td&gt;</span>
​          <span class="nt">&lt;br&gt;</span>
​          <span class="nt">&lt;b&gt;&lt;font</span> <span class="na">color=</span><span class="s">"#0B610B"</span><span class="nt">&gt;</span>Build information:<span class="nt">&lt;/font&gt;&lt;/b&gt;</span>
​          <span class="nt">&lt;hr</span> <span class="na">size=</span><span class="s">"2"</span> <span class="na">width=</span><span class="s">"100%"</span> <span class="na">align=</span><span class="s">"center"</span><span class="nt">&gt;</span>
​        <span class="nt">&lt;/td&gt;</span>
​      <span class="nt">&lt;/tr&gt;</span>
​      <span class="nt">&lt;tr&gt;</span>
​        <span class="nt">&lt;td&gt;</span>
​          <span class="nt">&lt;ul&gt;</span>
​            <span class="nt">&lt;li&gt;</span>Project Name    -- ${PROJECT_NAME}<span class="nt">&lt;/li&gt;</span>
​            <span class="nt">&lt;li&gt;</span>Run ISO Version   -- ${ISO_NAME} <span class="nt">&lt;/li&gt;</span>
​            <span class="nt">&lt;li&gt;</span>RF Start/End Time  -- From ${START_TIME} To ${END_TIME}<span class="nt">&lt;/li&gt;</span>
​            <span class="nt">&lt;li&gt;</span>Build Serial Number -- The ${BUILD_NUMBER} times build<span class="nt">&lt;/li&gt;</span>
​            <span class="nt">&lt;li&gt;</span>Trigger Reason   -- ${CAUSE}<span class="nt">&lt;/li&gt;</span> 
​             <span class="nt">&lt;li&gt;</span>Build Result    -- <span class="nt">&lt;a</span> <span class="na">href=</span><span class="s">"${PROJECT_URL}${BUILD_NUMBER}/robot/"</span><span class="nt">&gt;</span>${PROJECT_URL}${BUILD_NUMBER}/robot/<span class="nt">&lt;/a&gt;</span> <span class="nt">&lt;/li&gt;</span>
​            <span class="nt">&lt;li&gt;</span>Project URL     -- <span class="nt">&lt;a</span> <span class="na">href=</span><span class="s">"${PROJECT_URL}"</span><span class="nt">&gt;</span>${PROJECT_URL}<span class="nt">&lt;/a&gt;&lt;/li&gt;</span>
​            <span class="nt">&lt;li&gt;</span>Build URL      -- <span class="nt">&lt;a</span> <span class="na">href=</span><span class="s">"${BUILD_URL}"</span><span class="nt">&gt;</span>${BUILD_URL}<span class="nt">&lt;/a&gt;&lt;/li&gt;</span>
​            <span class="nt">&lt;li&gt;</span>Total cases     -- $TEST_COUNTS<span class="nt">&lt;/li&gt;</span>
​            <span class="nt">&lt;li&gt;</span>Pass cases      -- ${TEST_COUNTS,var="pass"}<span class="nt">&lt;/li&gt;</span>
​            <span class="nt">&lt;li&gt;</span>Fail cases      -- ${TEST_COUNTS,var="fail"}<span class="nt">&lt;/li&gt;</span>
​            <span class="nt">&lt;li&gt;</span>Skip cases     -- ${TEST_COUNTS,var="skip"}<span class="nt">&lt;/li&gt;</span>
​            <span class="nt">&lt;li&gt;</span>Git Version     -- ${GIT_REVISION,length=8} <span class="nt">&lt;/li&gt;</span>
​          <span class="nt">&lt;/ul&gt;</span>
​        <span class="nt">&lt;/td&gt;</span>
​      <span class="nt">&lt;/tr&gt;</span>
​      <span class="nt">&lt;tr&gt;</span>
​        <span class="nt">&lt;td&gt;</span>
​          <span class="nt">&lt;b&gt;&lt;font</span> <span class="na">color=</span><span class="s">"#0B610B"</span><span class="nt">&gt;</span>Since the last success build of the change<span class="nt">&lt;/font&gt;&lt;/b&gt;</span>
​          <span class="nt">&lt;hr</span> <span class="na">size=</span><span class="s">"2"</span> <span class="na">width=</span><span class="s">"100%"</span> <span class="na">align=</span><span class="s">"center"</span><span class="nt">&gt;</span>
​        <span class="nt">&lt;/td&gt;</span>
​      <span class="nt">&lt;/tr&gt;</span>
​      <span class="nt">&lt;tr&gt;</span>
​        <span class="nt">&lt;td&gt;</span>
​          <span class="nt">&lt;ul&gt;</span>
​            <span class="nt">&lt;li&gt;</span>In this view the historical change: -- <span class="nt">&lt;a</span> <span class="na">href=</span><span class="s">"${PROJECT_URL}changes"</span><span class="nt">&gt;</span>${PROJECT_URL}changes<span class="nt">&lt;/a&gt;</span>
​            <span class="nt">&lt;/li&gt;</span>
​          <span class="nt">&lt;/ul&gt;</span>${CHANGES_SINCE_LAST_SUCCESS, reverse=true, format="Changes for Build #%n:<span class="nt">&lt;br&gt;</span>%c<span class="nt">&lt;br&gt;</span>", showPaths=true, changesFormat="<span class="nt">&lt;pre&gt;</span>[%a]<span class="nt">&lt;br&gt;</span>%m<span class="nt">&lt;/pre&gt;</span>", pathFormat="<span class="ni">&amp;nbsp;&amp;nbsp;&amp;nbsp;&amp;nbsp;</span>%p"}
​        <span class="nt">&lt;/td&gt;</span>
​      <span class="nt">&lt;/tr&gt;</span>
​      
​      <span class="nt">&lt;tr&gt;</span>
​        <span class="nt">&lt;td&gt;</span>
​          <span class="nt">&lt;br&gt;</span>
​        <span class="nt">&lt;/td&gt;</span>
​      <span class="nt">&lt;/tr&gt;</span>
​      <span class="nt">&lt;tr&gt;</span>
​        <span class="nt">&lt;td&gt;</span>
​          <span class="nt">&lt;b&gt;&lt;font</span> <span class="na">color=</span><span class="s">"#0B610B"</span><span class="nt">&gt;</span>Failure of the test results:<span class="nt">&lt;/font&gt;&lt;/b&gt;</span>
​          <span class="nt">&lt;hr</span> <span class="na">size=</span><span class="s">"2"</span> <span class="na">width=</span><span class="s">"100%"</span> <span class="na">align=</span><span class="s">"center"</span><span class="nt">&gt;</span>
​        <span class="nt">&lt;/td&gt;</span>
​      <span class="nt">&lt;/tr&gt;</span>
​      <span class="nt">&lt;tr&gt;</span>
​        <span class="nt">&lt;td&gt;</span>
          <span class="nt">&lt;pre</span> <span class="na">style=</span><span class="s">"font-size:11pt; font-family:Tahoma, Arial, Helvetica, sans-serif"</span><span class="nt">&gt;</span>

$FAILED_TESTS

<span class="nt">&lt;/pre&gt;&lt;br&gt;</span>
​        <span class="nt">&lt;/td&gt;</span>
​      <span class="nt">&lt;/tr&gt;</span>
​      <span class="nt">&lt;tr&gt;</span>
​        <span class="nt">&lt;td&gt;</span>
​          <span class="nt">&lt;b&gt;&lt;font</span> <span class="na">color=</span><span class="s">"#0B610B"</span><span class="nt">&gt;</span>Build log (The last 100 rows record):<span class="nt">&lt;/font&gt;&lt;/b&gt;</span>
​          <span class="nt">&lt;hr</span> <span class="na">size=</span><span class="s">"2"</span> <span class="na">width=</span><span class="s">"100%"</span> <span class="na">align=</span><span class="s">"center"</span><span class="nt">&gt;</span>
​        <span class="nt">&lt;/td&gt;</span>
​      <span class="nt">&lt;/tr&gt;</span>
​      <span class="nt">&lt;tr&gt;</span>
​        <span class="nt">&lt;td&gt;</span>
​          The test log (if run the test): <span class="nt">&lt;a</span> <span class="na">href=</span><span class="s">"${PROJECT_URL}${BUILD_NUMBER}/console"</span><span class="nt">&gt;</span>${PROJECT_URL}${BUILD_NUMBER}/console<span class="nt">&lt;/a&gt;&lt;br&gt;</span>
​          <span class="nt">&lt;br&gt;</span>
​        <span class="nt">&lt;/td&gt;</span>
​       <span class="nt">&lt;/tr&gt;</span>
​    <span class="nt">&lt;/table&gt;</span>

<span class="nt">&lt;hr</span> <span class="na">size=</span><span class="s">"2"</span> <span class="na">width=</span><span class="s">"100%"</span> <span class="na">align=</span><span class="s">"center"</span> <span class="nt">/&gt;</span> 
(Note: This E-mail generated by system automatically, please do not reply!)

​      <span class="nt">&lt;tr&gt;</span> <span class="nt">&lt;td&gt;</span>
​          <span class="nt">&lt;br&gt;</span>
​        <span class="nt">&lt;/td&gt;</span>
​      <span class="nt">&lt;/tr&gt;</span>
  <span class="nt">&lt;/body&gt;</span>
<span class="nt">&lt;/html&gt;</span>
</code></pre></div></div>

<h6 id="add-publish-robot-framework-test-results">Add publish robot framework test results</h6>

<p><img class="shadow" src="/img/in-post/rf/clip_image038.jpg" width="1200" /></p>

<p>Then, save it.</p>

<h3 id="jenkins-system-config">Jenkins System Config</h3>

<h6 id="config-system">Config System</h6>

<p><img class="shadow" src="/img/in-post/rf/clip_image040.jpg" width="1200" /></p>

<h6 id="set-system-admin-e-mail-address">Set System Admin e-mail address</h6>

<p><img class="shadow" src="/img/in-post/rf/clip_image042.jpg" width="1200" /></p>

<h6 id="extended-e-mail-notification">Extended E-mail Notification</h6>

<p><img class="shadow" src="/img/in-post/rf/clip_image044.jpg" width="1200" /></p>

<h6 id="e-mail-notification">E-mail Notification</h6>

<p><img class="shadow" src="/img/in-post/rf/clip_image046.jpg" width="1200" /></p>

<p>project的详细配置，请参考Nanking lab 172.16.146.234的设置。</p>

<h3 id="e-mail-over-view">E-mail Over View</h3>

<p>The below is the received email, e.g:</p>

<p><img class="shadow" src="/img/in-post/rf/clip_image048.jpg" width="1200" /></p>

<h3 id="open-reporthtml-failed">Open report.html failed</h3>

<p>just like this:</p>

<p><img class="shadow" src="/img/in-post/rf/clip_image050.jpg" width="1200" /></p>

<p>This is a bug of Jenkins, the work around is:</p>

<p>https://issues.jenkins-ci.org/browse/JENKINS-32118</p>

<p>Run the command in Script Console:</p>

<div class="highlighter-rouge"><div class="highlight"><pre class="highlight"><code>system.setProperty("hudson.model.DirectoryBrowserSupport.CSP","sandbox allow-scripts; default-src 'none'; img-src 'self' data: ; style-src 'self' 'unsafe-inline' data: ; script-src 'self' 'unsafe-inline' 'unsafe-eval' ;")
</code></pre></div></div>

<p>That’s all.</p>

